2022-06-26 13:26:55.478  INFO 18728 --- [restartedMain] er_John_PRedictions_CaseStudyApplication : Starting Schreier_John_PRedictions_CaseStudyApplication using Java 18 on BASSMAKER9000 with PID 18728 (C:\Users\user\IdeaProjects\Schreier_John_PRedictions_CaseStudy\target\classes started by user in C:\Users\user\IdeaProjects\Schreier_John_PRedictions_CaseStudy)
2022-06-26 13:26:55.479  INFO 18728 --- [restartedMain] er_John_PRedictions_CaseStudyApplication : No active profile set, falling back to 1 default profile: "default"
2022-06-26 13:26:55.522  INFO 18728 --- [restartedMain] .e.DevToolsPropertyDefaultsPostProcessor : Devtools property defaults active! Set 'spring.devtools.add-properties' to 'false' to disable
2022-06-26 13:26:55.522  INFO 18728 --- [restartedMain] .e.DevToolsPropertyDefaultsPostProcessor : For additional web related logging consider setting the 'logging.level.web' property to 'DEBUG'
2022-06-26 13:26:55.923  INFO 18728 --- [restartedMain] .s.d.r.c.RepositoryConfigurationDelegate : Bootstrapping Spring Data JPA repositories in DEFAULT mode.
2022-06-26 13:26:55.971  INFO 18728 --- [restartedMain] .s.d.r.c.RepositoryConfigurationDelegate : Finished Spring Data repository scanning in 41 ms. Found 4 JPA repository interfaces.
2022-06-26 13:26:56.552  INFO 18728 --- [restartedMain] o.s.b.w.embedded.tomcat.TomcatWebServer  : Tomcat initialized with port(s): 8080 (http)
2022-06-26 13:26:56.559  INFO 18728 --- [restartedMain] o.apache.catalina.core.StandardService   : Starting service [Tomcat]
2022-06-26 13:26:56.560  INFO 18728 --- [restartedMain] org.apache.catalina.core.StandardEngine  : Starting Servlet engine: [Apache Tomcat/9.0.63]
2022-06-26 13:26:56.635  INFO 18728 --- [restartedMain] o.a.c.c.C.[Tomcat].[localhost].[/]       : Initializing Spring embedded WebApplicationContext
2022-06-26 13:26:56.635  INFO 18728 --- [restartedMain] w.s.c.ServletWebServerApplicationContext : Root WebApplicationContext: initialization completed in 1112 ms
2022-06-26 13:26:56.766  INFO 18728 --- [restartedMain] com.zaxxer.hikari.HikariDataSource       : HikariPool-1 - Starting...
2022-06-26 13:26:56.808  INFO 18728 --- [restartedMain] com.zaxxer.hikari.HikariDataSource       : HikariPool-1 - Start completed.
2022-06-26 13:26:56.853 DEBUG 18728 --- [restartedMain] j.LocalContainerEntityManagerFactoryBean : Building JPA container EntityManagerFactory for persistence unit 'default'
2022-06-26 13:26:56.861  INFO 18728 --- [restartedMain] o.hibernate.jpa.internal.util.LogHelper  : HHH000204: Processing PersistenceUnitInfo [name: default]
2022-06-26 13:26:56.890  INFO 18728 --- [restartedMain] org.hibernate.Version                    : HHH000412: Hibernate ORM core version 5.6.9.Final
2022-06-26 13:26:56.989  INFO 18728 --- [restartedMain] o.hibernate.annotations.common.Version   : HCANN000001: Hibernate Commons Annotations {5.1.2.Final}
2022-06-26 13:26:57.064  INFO 18728 --- [restartedMain] org.hibernate.dialect.Dialect            : HHH000400: Using dialect: org.hibernate.dialect.MySQL5Dialect
2022-06-26 13:26:57.570  INFO 18728 --- [restartedMain] o.h.e.t.j.p.i.JtaPlatformInitiator       : HHH000490: Using JtaPlatform implementation: [org.hibernate.engine.transaction.jta.platform.internal.NoJtaPlatform]
2022-06-26 13:26:57.576  INFO 18728 --- [restartedMain] j.LocalContainerEntityManagerFactoryBean : Initialized JPA EntityManagerFactory for persistence unit 'default'
2022-06-26 13:26:57.656 DEBUG 18728 --- [restartedMain] tor$SharedEntityManagerInvocationHandler : Creating new EntityManager for shared EntityManager invocation
2022-06-26 13:26:57.687 DEBUG 18728 --- [restartedMain] tor$SharedEntityManagerInvocationHandler : Creating new EntityManager for shared EntityManager invocation
2022-06-26 13:26:57.739 DEBUG 18728 --- [restartedMain] tor$SharedEntityManagerInvocationHandler : Creating new EntityManager for shared EntityManager invocation
2022-06-26 13:26:57.789 DEBUG 18728 --- [restartedMain] tor$SharedEntityManagerInvocationHandler : Creating new EntityManager for shared EntityManager invocation
2022-06-26 13:26:57.852 DEBUG 18728 --- [restartedMain] tor$SharedEntityManagerInvocationHandler : Creating new EntityManager for shared EntityManager invocation
2022-06-26 13:26:57.853 DEBUG 18728 --- [restartedMain] tor$SharedEntityManagerInvocationHandler : Creating new EntityManager for shared EntityManager invocation
2022-06-26 13:26:57.865 DEBUG 18728 --- [restartedMain] tor$SharedEntityManagerInvocationHandler : Creating new EntityManager for shared EntityManager invocation
2022-06-26 13:26:57.873 DEBUG 18728 --- [restartedMain] tor$SharedEntityManagerInvocationHandler : Creating new EntityManager for shared EntityManager invocation
2022-06-26 13:26:57.874 DEBUG 18728 --- [restartedMain] tor$SharedEntityManagerInvocationHandler : Creating new EntityManager for shared EntityManager invocation
2022-06-26 13:26:57.886 DEBUG 18728 --- [restartedMain] tor$SharedEntityManagerInvocationHandler : Creating new EntityManager for shared EntityManager invocation
2022-06-26 13:26:57.928  WARN 18728 --- [restartedMain] JpaBaseConfiguration$JpaWebConfiguration : spring.jpa.open-in-view is enabled by default. Therefore, database queries may be performed during view rendering. Explicitly configure spring.jpa.open-in-view to disable this warning
2022-06-26 13:26:57.956 DEBUG 18728 --- [restartedMain] tor$SharedEntityManagerInvocationHandler : Creating new EntityManager for shared EntityManager invocation
2022-06-26 13:26:57.957 DEBUG 18728 --- [restartedMain] tor$SharedEntityManagerInvocationHandler : Creating new EntityManager for shared EntityManager invocation
2022-06-26 13:26:57.979 DEBUG 18728 --- [restartedMain] tor$SharedEntityManagerInvocationHandler : Creating new EntityManager for shared EntityManager invocation
2022-06-26 13:26:58.005 DEBUG 18728 --- [restartedMain] tor$SharedEntityManagerInvocationHandler : Creating new EntityManager for shared EntityManager invocation
2022-06-26 13:26:58.008 DEBUG 18728 --- [restartedMain] tor$SharedEntityManagerInvocationHandler : Creating new EntityManager for shared EntityManager invocation
2022-06-26 13:26:58.010 DEBUG 18728 --- [restartedMain] tor$SharedEntityManagerInvocationHandler : Creating new EntityManager for shared EntityManager invocation
2022-06-26 13:26:58.012 DEBUG 18728 --- [restartedMain] tor$SharedEntityManagerInvocationHandler : Creating new EntityManager for shared EntityManager invocation
2022-06-26 13:26:58.013 DEBUG 18728 --- [restartedMain] tor$SharedEntityManagerInvocationHandler : Creating new EntityManager for shared EntityManager invocation
2022-06-26 13:26:58.111  INFO 18728 --- [restartedMain] o.s.s.web.DefaultSecurityFilterChain     : Will secure any request with [org.springframework.security.web.session.DisableEncodeUrlFilter@10282862, org.springframework.security.web.context.request.async.WebAsyncManagerIntegrationFilter@42ab5b24, org.springframework.security.web.context.SecurityContextPersistenceFilter@79244d53, org.springframework.security.web.header.HeaderWriterFilter@70fff47b, org.springframework.security.web.csrf.CsrfFilter@50f730f4, org.springframework.security.web.authentication.logout.LogoutFilter@333d12d5, org.springframework.security.web.authentication.UsernamePasswordAuthenticationFilter@62b5af67, org.springframework.security.web.savedrequest.RequestCacheAwareFilter@46a3d952, org.springframework.security.web.servletapi.SecurityContextHolderAwareRequestFilter@1370ef0c, org.springframework.security.web.authentication.AnonymousAuthenticationFilter@514a247d, org.springframework.security.web.session.SessionManagementFilter@5ef11b17, org.springframework.security.web.access.ExceptionTranslationFilter@25b92e3a, org.springframework.security.web.access.intercept.FilterSecurityInterceptor@72422547]
2022-06-26 13:26:58.235  INFO 18728 --- [restartedMain] o.s.b.a.w.s.WelcomePageHandlerMapping    : Adding welcome page template: index
2022-06-26 13:26:58.404  INFO 18728 --- [restartedMain] o.s.b.d.a.OptionalLiveReloadServer       : LiveReload server is running on port 35729
2022-06-26 13:26:58.435  INFO 18728 --- [restartedMain] o.s.b.w.embedded.tomcat.TomcatWebServer  : Tomcat started on port(s): 8080 (http) with context path ''
2022-06-26 13:26:58.447  INFO 18728 --- [restartedMain] er_John_PRedictions_CaseStudyApplication : Started Schreier_John_PRedictions_CaseStudyApplication in 3.288 seconds (JVM running for 3.861)
2022-06-26 13:27:19.288  INFO 18728 --- [http-nio-8080-exec-1] o.a.c.c.C.[Tomcat].[localhost].[/]       : Initializing Spring DispatcherServlet 'dispatcherServlet'
2022-06-26 13:27:19.288  INFO 18728 --- [http-nio-8080-exec-1] o.s.web.servlet.DispatcherServlet        : Initializing Servlet 'dispatcherServlet'
2022-06-26 13:27:19.289  INFO 18728 --- [http-nio-8080-exec-1] o.s.web.servlet.DispatcherServlet        : Completed initialization in 1 ms
2022-06-26 13:27:19.314 DEBUG 18728 --- [http-nio-8080-exec-1] o.j.s.OpenEntityManagerInViewInterceptor : Opening JPA EntityManager in OpenEntityManagerInViewInterceptor
2022-06-26 13:27:19.318 DEBUG 18728 --- [http-nio-8080-exec-1] o.j.s.OpenEntityManagerInViewInterceptor : Closing JPA EntityManager in OpenEntityManagerInViewInterceptor
2022-06-26 13:27:19.326 DEBUG 18728 --- [http-nio-8080-exec-1] o.j.s.OpenEntityManagerInViewInterceptor : Opening JPA EntityManager in OpenEntityManagerInViewInterceptor
2022-06-26 13:27:19.473 DEBUG 18728 --- [http-nio-8080-exec-1] o.j.s.OpenEntityManagerInViewInterceptor : Closing JPA EntityManager in OpenEntityManagerInViewInterceptor
2022-06-26 13:27:23.670 DEBUG 18728 --- [http-nio-8080-exec-5] o.j.s.OpenEntityManagerInViewInterceptor : Opening JPA EntityManager in OpenEntityManagerInViewInterceptor
2022-06-26 13:27:23.764 DEBUG 18728 --- [http-nio-8080-exec-5] o.j.s.OpenEntityManagerInViewInterceptor : Closing JPA EntityManager in OpenEntityManagerInViewInterceptor
2022-06-26 13:27:23.782 DEBUG 18728 --- [http-nio-8080-exec-4] o.j.s.OpenEntityManagerInViewInterceptor : Opening JPA EntityManager in OpenEntityManagerInViewInterceptor
2022-06-26 13:27:23.783 DEBUG 18728 --- [http-nio-8080-exec-3] o.j.s.OpenEntityManagerInViewInterceptor : Opening JPA EntityManager in OpenEntityManagerInViewInterceptor
2022-06-26 13:27:23.785 DEBUG 18728 --- [http-nio-8080-exec-3] o.j.s.OpenEntityManagerInViewInterceptor : Closing JPA EntityManager in OpenEntityManagerInViewInterceptor
2022-06-26 13:27:23.787 DEBUG 18728 --- [http-nio-8080-exec-3] o.j.s.OpenEntityManagerInViewInterceptor : Opening JPA EntityManager in OpenEntityManagerInViewInterceptor
2022-06-26 13:27:23.789 DEBUG 18728 --- [http-nio-8080-exec-4] o.j.s.OpenEntityManagerInViewInterceptor : Closing JPA EntityManager in OpenEntityManagerInViewInterceptor
2022-06-26 13:27:23.792 DEBUG 18728 --- [http-nio-8080-exec-2] o.j.s.OpenEntityManagerInViewInterceptor : Opening JPA EntityManager in OpenEntityManagerInViewInterceptor
2022-06-26 13:27:23.792 DEBUG 18728 --- [http-nio-8080-exec-7] o.j.s.OpenEntityManagerInViewInterceptor : Opening JPA EntityManager in OpenEntityManagerInViewInterceptor
2022-06-26 13:27:23.793 DEBUG 18728 --- [http-nio-8080-exec-6] o.j.s.OpenEntityManagerInViewInterceptor : Opening JPA EntityManager in OpenEntityManagerInViewInterceptor
2022-06-26 13:27:23.795 DEBUG 18728 --- [http-nio-8080-exec-7] o.j.s.OpenEntityManagerInViewInterceptor : Closing JPA EntityManager in OpenEntityManagerInViewInterceptor
2022-06-26 13:27:23.803 DEBUG 18728 --- [http-nio-8080-exec-8] o.j.s.OpenEntityManagerInViewInterceptor : Opening JPA EntityManager in OpenEntityManagerInViewInterceptor
2022-06-26 13:27:23.805 DEBUG 18728 --- [http-nio-8080-exec-6] o.j.s.OpenEntityManagerInViewInterceptor : Closing JPA EntityManager in OpenEntityManagerInViewInterceptor
2022-06-26 13:27:23.811 DEBUG 18728 --- [http-nio-8080-exec-2] o.j.s.OpenEntityManagerInViewInterceptor : Closing JPA EntityManager in OpenEntityManagerInViewInterceptor
2022-06-26 13:27:23.814 DEBUG 18728 --- [http-nio-8080-exec-8] o.j.s.OpenEntityManagerInViewInterceptor : Closing JPA EntityManager in OpenEntityManagerInViewInterceptor
2022-06-26 13:27:23.837 DEBUG 18728 --- [http-nio-8080-exec-3] o.j.s.OpenEntityManagerInViewInterceptor : Closing JPA EntityManager in OpenEntityManagerInViewInterceptor
2022-06-26 13:27:29.658 DEBUG 18728 --- [http-nio-8080-exec-9] tor$SharedEntityManagerInvocationHandler : Creating new EntityManager for shared EntityManager invocation
2022-06-26 13:27:29.659 DEBUG 18728 --- [http-nio-8080-exec-9] tor$SharedEntityManagerInvocationHandler : Creating new EntityManager for shared EntityManager invocation
2022-06-26 13:27:29.842 DEBUG 18728 --- [http-nio-8080-exec-10] o.j.s.OpenEntityManagerInViewInterceptor : Opening JPA EntityManager in OpenEntityManagerInViewInterceptor
2022-06-26 13:27:29.852 DEBUG 18728 --- [http-nio-8080-exec-10] o.j.s.OpenEntityManagerInViewInterceptor : Closing JPA EntityManager in OpenEntityManagerInViewInterceptor
2022-06-26 13:27:29.869 DEBUG 18728 --- [http-nio-8080-exec-1] o.j.s.OpenEntityManagerInViewInterceptor : Opening JPA EntityManager in OpenEntityManagerInViewInterceptor
2022-06-26 13:27:29.872 DEBUG 18728 --- [http-nio-8080-exec-1] o.j.s.OpenEntityManagerInViewInterceptor : Closing JPA EntityManager in OpenEntityManagerInViewInterceptor
2022-06-26 13:27:29.883 DEBUG 18728 --- [http-nio-8080-exec-4] o.j.s.OpenEntityManagerInViewInterceptor : Opening JPA EntityManager in OpenEntityManagerInViewInterceptor
2022-06-26 13:27:29.883 DEBUG 18728 --- [http-nio-8080-exec-7] o.j.s.OpenEntityManagerInViewInterceptor : Opening JPA EntityManager in OpenEntityManagerInViewInterceptor
2022-06-26 13:27:29.883 DEBUG 18728 --- [http-nio-8080-exec-5] o.j.s.OpenEntityManagerInViewInterceptor : Opening JPA EntityManager in OpenEntityManagerInViewInterceptor
2022-06-26 13:27:29.886 DEBUG 18728 --- [http-nio-8080-exec-5] o.j.s.OpenEntityManagerInViewInterceptor : Closing JPA EntityManager in OpenEntityManagerInViewInterceptor
2022-06-26 13:27:29.896 DEBUG 18728 --- [http-nio-8080-exec-6] o.j.s.OpenEntityManagerInViewInterceptor : Opening JPA EntityManager in OpenEntityManagerInViewInterceptor
2022-06-26 13:27:29.896 DEBUG 18728 --- [http-nio-8080-exec-4] o.j.s.OpenEntityManagerInViewInterceptor : Closing JPA EntityManager in OpenEntityManagerInViewInterceptor
2022-06-26 13:27:29.898 DEBUG 18728 --- [http-nio-8080-exec-7] o.j.s.OpenEntityManagerInViewInterceptor : Closing JPA EntityManager in OpenEntityManagerInViewInterceptor
2022-06-26 13:27:29.902 DEBUG 18728 --- [http-nio-8080-exec-6] o.j.s.OpenEntityManagerInViewInterceptor : Closing JPA EntityManager in OpenEntityManagerInViewInterceptor
2022-06-26 13:27:33.699 DEBUG 18728 --- [http-nio-8080-exec-2] o.j.s.OpenEntityManagerInViewInterceptor : Opening JPA EntityManager in OpenEntityManagerInViewInterceptor
2022-06-26 13:27:33.741 DEBUG 18728 --- [http-nio-8080-exec-2] o.j.s.OpenEntityManagerInViewInterceptor : Closing JPA EntityManager in OpenEntityManagerInViewInterceptor
2022-06-26 13:27:33.757 DEBUG 18728 --- [http-nio-8080-exec-3] o.j.s.OpenEntityManagerInViewInterceptor : Opening JPA EntityManager in OpenEntityManagerInViewInterceptor
2022-06-26 13:27:33.757 DEBUG 18728 --- [http-nio-8080-exec-8] o.j.s.OpenEntityManagerInViewInterceptor : Opening JPA EntityManager in OpenEntityManagerInViewInterceptor
2022-06-26 13:27:33.760 DEBUG 18728 --- [http-nio-8080-exec-8] o.j.s.OpenEntityManagerInViewInterceptor : Closing JPA EntityManager in OpenEntityManagerInViewInterceptor
2022-06-26 13:27:33.760 DEBUG 18728 --- [http-nio-8080-exec-3] o.j.s.OpenEntityManagerInViewInterceptor : Closing JPA EntityManager in OpenEntityManagerInViewInterceptor
2022-06-26 13:27:33.768 DEBUG 18728 --- [http-nio-8080-exec-9] o.j.s.OpenEntityManagerInViewInterceptor : Opening JPA EntityManager in OpenEntityManagerInViewInterceptor
2022-06-26 13:27:33.774 DEBUG 18728 --- [http-nio-8080-exec-10] o.j.s.OpenEntityManagerInViewInterceptor : Opening JPA EntityManager in OpenEntityManagerInViewInterceptor
2022-06-26 13:27:33.776 DEBUG 18728 --- [http-nio-8080-exec-9] o.j.s.OpenEntityManagerInViewInterceptor : Closing JPA EntityManager in OpenEntityManagerInViewInterceptor
2022-06-26 13:27:33.781 DEBUG 18728 --- [http-nio-8080-exec-10] o.j.s.OpenEntityManagerInViewInterceptor : Closing JPA EntityManager in OpenEntityManagerInViewInterceptor
2022-06-26 13:27:44.738 DEBUG 18728 --- [http-nio-8080-exec-1] o.j.s.OpenEntityManagerInViewInterceptor : Opening JPA EntityManager in OpenEntityManagerInViewInterceptor
2022-06-26 13:27:44.745 DEBUG 18728 --- [http-nio-8080-exec-1] o.s.orm.jpa.JpaTransactionManager        : Found thread-bound EntityManager [SessionImpl(1303217145<open>)] for JPA transaction
2022-06-26 13:27:44.745 DEBUG 18728 --- [http-nio-8080-exec-1] o.s.orm.jpa.JpaTransactionManager        : Creating new transaction with name [org.springframework.data.jpa.repository.support.SimpleJpaRepository.updateHalfMarPredictionByEmail]: PROPAGATION_REQUIRED,ISOLATION_DEFAULT
2022-06-26 13:27:44.747 DEBUG 18728 --- [http-nio-8080-exec-1] o.s.orm.jpa.JpaTransactionManager        : Exposing JPA transaction as JDBC [org.springframework.orm.jpa.vendor.HibernateJpaDialect$HibernateConnectionHandle@1a97269b]
2022-06-26 13:27:44.760 DEBUG 18728 --- [http-nio-8080-exec-1] o.s.orm.jpa.JpaTransactionManager        : Initiating transaction commit
2022-06-26 13:27:44.760 DEBUG 18728 --- [http-nio-8080-exec-1] o.s.orm.jpa.JpaTransactionManager        : Committing JPA transaction on EntityManager [SessionImpl(1303217145<open>)]
2022-06-26 13:27:44.762 DEBUG 18728 --- [http-nio-8080-exec-1] o.s.orm.jpa.JpaTransactionManager        : Not closing pre-bound JPA EntityManager after transaction
2022-06-26 13:27:44.764 DEBUG 18728 --- [http-nio-8080-exec-1] o.j.s.OpenEntityManagerInViewInterceptor : Closing JPA EntityManager in OpenEntityManagerInViewInterceptor
2022-06-26 13:27:44.768 DEBUG 18728 --- [http-nio-8080-exec-5] o.j.s.OpenEntityManagerInViewInterceptor : Opening JPA EntityManager in OpenEntityManagerInViewInterceptor
2022-06-26 13:27:44.790 DEBUG 18728 --- [http-nio-8080-exec-5] o.j.s.OpenEntityManagerInViewInterceptor : Closing JPA EntityManager in OpenEntityManagerInViewInterceptor
2022-06-26 13:27:44.808 DEBUG 18728 --- [http-nio-8080-exec-4] o.j.s.OpenEntityManagerInViewInterceptor : Opening JPA EntityManager in OpenEntityManagerInViewInterceptor
2022-06-26 13:27:44.808 DEBUG 18728 --- [http-nio-8080-exec-7] o.j.s.OpenEntityManagerInViewInterceptor : Opening JPA EntityManager in OpenEntityManagerInViewInterceptor
2022-06-26 13:27:44.811 DEBUG 18728 --- [http-nio-8080-exec-4] o.j.s.OpenEntityManagerInViewInterceptor : Closing JPA EntityManager in OpenEntityManagerInViewInterceptor
2022-06-26 13:27:44.820 DEBUG 18728 --- [http-nio-8080-exec-7] o.j.s.OpenEntityManagerInViewInterceptor : Closing JPA EntityManager in OpenEntityManagerInViewInterceptor
2022-06-26 13:27:44.830 DEBUG 18728 --- [http-nio-8080-exec-6] o.j.s.OpenEntityManagerInViewInterceptor : Opening JPA EntityManager in OpenEntityManagerInViewInterceptor
2022-06-26 13:27:44.836 DEBUG 18728 --- [http-nio-8080-exec-6] o.j.s.OpenEntityManagerInViewInterceptor : Closing JPA EntityManager in OpenEntityManagerInViewInterceptor
